<?xml version="1.0" encoding="UTF-8"?>
<testsuite xmlns:xsi="http://www.w3.org/2001/XMLSchema-instance" xsi:noNamespaceSchemaLocation="https://maven.apache.org/surefire/maven-surefire-plugin/xsd/surefire-test-report.xsd" name="ar.edu.utn.frba.dds.testRegistroUsuario.ValidacionRegistroDeEmpresasTest" time="0.005" tests="2" errors="0" skipped="0" failures="0">
  <properties>
[...]
</properties>
  <testcase name="SiElCSVTiene3EmpresasSeRegistranTodas" classname="ar.edu.utn.frba.dds.testRegistroUsuario.ValidacionRegistroDeEmpresasTest" time="0.002"/>
  <testcase name="LaRutaProporcionadaNoEsCorrectaYLanzaExcepcion" classname="ar.edu.utn.frba.dds.testRegistroUsuario.ValidacionRegistroDeEmpresasTest" time="0.002"/>
</testsuite>